<?xml version="1.0" encoding="UTF-8"?>
<!-- Generated by org.testng.reporters.JUnitXMLReporter -->
<testsuite ignored="0" hostname="md2f9j9c" failures="0" tests="6" name="Default test" time="0.043" errors="0" timestamp="2021-08-29T17:20:41 IST">
  <testcase classname="LambdaTest.LambdaTest.LTNavigationBasicTest" name="@BeforeTest Test_Init" time="-1.630237841177E9">
    <failure type="org.testng.TestNGException" message="
Parameter &amp;apos;URLLandingPage&amp;apos; is required by BeforeTest on method Test_Init but has not been marked @Optional or defined
in C:\Users\z003b9eb\AppData\Local\Temp\testng-eclipse-1382919357\testng-customsuite.xml">
      <![CDATA[org.testng.TestNGException: 
Parameter 'URLLandingPage' is required by BeforeTest on method Test_Init but has not been marked @Optional or defined
in C:\Users\z003b9eb\AppData\Local\Temp\testng-eclipse-1382919357\testng-customsuite.xml
at org.testng.internal.Parameters.createParams(Parameters.java:270)
at org.testng.internal.Parameters.createParametersForMethod(Parameters.java:358)
at org.testng.internal.Parameters.createParameters(Parameters.java:700)
at org.testng.internal.Parameters.createConfigurationParameters(Parameters.java:168)
at org.testng.internal.ConfigInvoker.invokeConfigurations(ConfigInvoker.java:302)
at org.testng.TestRunner.invokeTestConfigurations(TestRunner.java:637)
at org.testng.TestRunner.beforeRun(TestRunner.java:627)
at org.testng.TestRunner.run(TestRunner.java:589)
at org.testng.SuiteRunner.runTest(SuiteRunner.java:377)
at org.testng.SuiteRunner.runSequentially(SuiteRunner.java:371)
at org.testng.SuiteRunner.privateRun(SuiteRunner.java:332)
at org.testng.SuiteRunner.run(SuiteRunner.java:276)
at org.testng.SuiteRunnerWorker.runSuite(SuiteRunnerWorker.java:53)
at org.testng.SuiteRunnerWorker.run(SuiteRunnerWorker.java:96)
at org.testng.TestNG.runSuitesSequentially(TestNG.java:1212)
at org.testng.TestNG.runSuitesLocally(TestNG.java:1134)
at org.testng.TestNG.runSuites(TestNG.java:1063)
at org.testng.TestNG.run(TestNG.java:1031)
at org.testng.remote.AbstractRemoteTestNG.run(AbstractRemoteTestNG.java:115)
at org.testng.remote.RemoteTestNG.initAndRun(RemoteTestNG.java:251)
at org.testng.remote.RemoteTestNG.main(RemoteTestNG.java:77)
]]>
    </failure>
  </testcase> <!-- @BeforeTest Test_Init -->
  <testcase classname="LambdaTest.LambdaTest.LTNavigationBasicTest" name="@AfterTest Test_CleanUp" time="-1.630237841216E9">
    <skipped/>
  </testcase> <!-- @AfterTest Test_CleanUp -->
  <testcase classname="LambdaTest.LambdaTest.LTNavigationBasicTest" name="LoadPage_VerifyPageIsLoaded" time="0.0">
    <skipped/>
  </testcase> <!-- LoadPage_VerifyPageIsLoaded -->
  <testcase classname="LambdaTest.LambdaTest.LTNavigationBasicTest" name="Scroll_To_SeeAllIntegration_VerifyURL" time="0.0">
    <skipped/>
  </testcase> <!-- Scroll_To_SeeAllIntegration_VerifyURL -->
  <testcase classname="LambdaTest.LambdaTest.LTNavigationBasicTest" name="Scroll_To_CodeLess_VerifySelected" time="0.0">
    <skipped/>
  </testcase> <!-- Scroll_To_CodeLess_VerifySelected -->
  <testcase classname="LambdaTest.LambdaTest.LTNavigationBasicTest" name="Click_On_LearnMore_VerifyTitle" time="0.0">
    <skipped/>
  </testcase> <!-- Click_On_LearnMore_VerifyTitle -->
  <testcase classname="LambdaTest.LambdaTest.LTNavigationBasicTest" name="Navigate_To_Blog" time="0.001">
    <skipped/>
  </testcase> <!-- Navigate_To_Blog -->
  <testcase classname="LambdaTest.LambdaTest.LTNavigationBasicTest" name="Click_On_Community_VerifyTitle" time="0.0">
    <skipped/>
  </testcase> <!-- Click_On_Community_VerifyTitle -->
</testsuite> <!-- Default test -->
