<?xml version="1.0" encoding="UTF-8"?>
<!-- Generated by org.testng.reporters.JUnitXMLReporter -->
<testsuite ignored="0" hostname="md2f9j9c" failures="0" tests="6" name="Command line test" time="0.028" errors="0" timestamp="2021-08-29T16:08:16 IST">
  <testcase classname="LambdaTest.LambdaTest.LTNavigationBasicTest" name="@BeforeTest Test_Init" time="-1.630233496934E9">
    <failure type="org.testng.TestNGException" message="
Parameter &amp;apos;URLLandingPage&amp;apos; is required by BeforeTest on method Test_Init but has not been marked @Optional or defined
">
      <![CDATA[org.testng.TestNGException: 
Parameter 'URLLandingPage' is required by BeforeTest on method Test_Init but has not been marked @Optional or defined

... Removed 30 stack frames]]>
    </failure>
  </testcase> <!-- @BeforeTest Test_Init -->
  <testcase classname="LambdaTest.LambdaTest.LTNavigationBasicTest" name="@AfterTest Test_CleanUp" time="-1.630233496961E9">
    <skipped/>
  </testcase> <!-- @AfterTest Test_CleanUp -->
  <testcase classname="LambdaTest.LambdaTest.LTNavigationBasicTest" name="LoadPage_VerifyPageIsLoaded" time="0.0">
    <skipped/>
  </testcase> <!-- LoadPage_VerifyPageIsLoaded -->
  <testcase classname="LambdaTest.LambdaTest.LTNavigationBasicTest" name="Scroll_To_SeeAllIntegration_VerifyURL" time="0.0">
    <skipped/>
  </testcase> <!-- Scroll_To_SeeAllIntegration_VerifyURL -->
  <testcase classname="LambdaTest.LambdaTest.LTNavigationBasicTest" name="Scroll_To_CodeLess_VerifySelected" time="0.0">
    <skipped/>
  </testcase> <!-- Scroll_To_CodeLess_VerifySelected -->
  <testcase classname="LambdaTest.LambdaTest.LTNavigationBasicTest" name="Click_On_LearnMore_VerifyTitle" time="0.0">
    <skipped/>
  </testcase> <!-- Click_On_LearnMore_VerifyTitle -->
  <testcase classname="LambdaTest.LambdaTest.LTNavigationBasicTest" name="Navigate_To_Blog" time="0.0">
    <skipped/>
  </testcase> <!-- Navigate_To_Blog -->
  <testcase classname="LambdaTest.LambdaTest.LTNavigationBasicTest" name="Click_On_Community_VerifyTitle" time="0.0">
    <skipped/>
  </testcase> <!-- Click_On_Community_VerifyTitle -->
</testsuite> <!-- Command line test -->
